<?xml version="1.0" encoding="UTF-8"?>
<!-- Generated by org.testng.reporters.JUnitXMLReporter -->
<testsuite ignored="1" hostname="LAPTOP-BPLU8S0P" failures="0" tests="12" name="Free CRM App Test Cases" time="241.262" errors="0" timestamp="2021-03-29T11:09:47 CAT">
  <testcase classname="com.crm.qa.testcases.LoginPageTest" name="loginTest" time="10.742"/>
  <testcase classname="com.crm.qa.testcases.LoginPageTest" name="logoTest" time="0.17"/>
  <testcase classname="com.crm.qa.testcases.LoginPageTest" name="loginPageTitleTest" time="0.012"/>
  <testcase classname="com.crm.qa.testcases.HomePageTest" name="verifyHomePageTitleTest" time="0.019"/>
  <testcase classname="com.crm.qa.testcases.HomePageTest" name="verifyUserNameLabelTest" time="0.102"/>
  <testcase classname="com.crm.qa.testcases.HomePageTest" name="verifyCompaniesPagelinkTest" time="2.067"/>
  <testcase classname="com.crm.qa.testcases.HomePageTest" name="verifyContactsPagelinkTest" time="1.723"/>
  <testcase classname="com.crm.qa.testcases.HomePageTest" name="verifyDealsPageLinkTest" time="4.527"/>
  <testcase classname="com.crm.qa.testcases.HomePageTest" name="verifyTasksPageLinkTest" time="1.736"/>
  <testcase classname="com.crm.qa.testcases.CompaniesPageTest" name="verifyComapaniespageLabelTest" time="0.112"/>
  <testcase classname="com.crm.qa.testcases.ContactsPageTest" name="verifyContactsPageLableTest" time="0.063"/>
  <testcase classname="com.crm.qa.testcases.ContactsPageTest" name="selectContactsTest" time="0.592"/>
  <testcase classname="com.crm.qa.testcases.ContactsPageTest" name="createNewContactTest" time="0.0">
    <ignored/>
  </testcase> <!-- createNewContactTest -->
</testsuite> <!-- Free CRM App Test Cases -->
