<?xml version="1.0" encoding="UTF-8"?>
<!-- Generated by org.testng.reporters.JUnitXMLReporter -->
<testsuite ignored="1" hostname="LAPTOP-BPLU8S0P" failures="0" tests="2" name="Free CRM App Test Cases" time="44.25" errors="0" timestamp="2021-03-27T12:16:09 CAT">
  <testcase classname="com.crm.qa.testcases.ContactsPageTest" name="verifyContactsPageLableTest" time="0.121"/>
  <testcase classname="com.crm.qa.testcases.ContactsPageTest" name="selectContactsTest" time="0.536"/>
  <testcase classname="com.crm.qa.testcases.ContactsPageTest" name="createNewContactTest" time="0.0">
    <ignored/>
  </testcase> <!-- createNewContactTest -->
</testsuite> <!-- Free CRM App Test Cases -->
