<?xml version="1.0" encoding="UTF-8"?>
<testng-results ignored="1" total="3" passed="2" failed="0" skipped="0">
  <reporter-output>
  </reporter-output>
  <suite started-at="2021-03-27T12:15:24 CAT" name="FREE CRM Application Test Automation Test Suite" finished-at="2021-03-27T12:16:09 CAT" duration-ms="44250">
    <groups>
    </groups>
    <test started-at="2021-03-27T12:15:24 CAT" name="Free CRM App Test Cases" finished-at="2021-03-27T12:16:09 CAT" duration-ms="44250">
      <class name="com.crm.qa.testcases.ContactsPageTest">
        <test-method is-config="true" signature="setUp()[pri:0, instance:com.crm.qa.testcases.ContactsPageTest@f736069]" started-at="2021-03-27T12:15:24 CAT" name="setUp" finished-at="2021-03-27T12:15:45 CAT" duration-ms="20388" status="PASS">
          <reporter-output>
          </reporter-output>
        </test-method> <!-- setUp -->
        <test-method signature="verifyContactsPageLableTest()[pri:1, instance:com.crm.qa.testcases.ContactsPageTest@f736069]" started-at="2021-03-27T12:15:45 CAT" name="verifyContactsPageLableTest" finished-at="2021-03-27T12:15:45 CAT" duration-ms="121" status="PASS">
          <reporter-output>
          </reporter-output>
        </test-method> <!-- verifyContactsPageLableTest -->
        <test-method is-config="true" signature="tearDown()[pri:0, instance:com.crm.qa.testcases.ContactsPageTest@f736069]" started-at="2021-03-27T12:15:45 CAT" name="tearDown" finished-at="2021-03-27T12:15:46 CAT" duration-ms="704" status="PASS">
          <reporter-output>
          </reporter-output>
        </test-method> <!-- tearDown -->
        <test-method is-config="true" signature="setUp()[pri:0, instance:com.crm.qa.testcases.ContactsPageTest@f736069]" started-at="2021-03-27T12:15:46 CAT" name="setUp" finished-at="2021-03-27T12:16:07 CAT" duration-ms="21762" status="PASS">
          <reporter-output>
          </reporter-output>
        </test-method> <!-- setUp -->
        <test-method signature="selectContactsTest()[pri:2, instance:com.crm.qa.testcases.ContactsPageTest@f736069]" started-at="2021-03-27T12:16:07 CAT" name="selectContactsTest" finished-at="2021-03-27T12:16:08 CAT" duration-ms="536" status="PASS">
          <reporter-output>
          </reporter-output>
        </test-method> <!-- selectContactsTest -->
        <test-method is-config="true" signature="tearDown()[pri:0, instance:com.crm.qa.testcases.ContactsPageTest@f736069]" started-at="2021-03-27T12:16:08 CAT" name="tearDown" finished-at="2021-03-27T12:16:09 CAT" duration-ms="690" status="PASS">
          <reporter-output>
          </reporter-output>
        </test-method> <!-- tearDown -->
      </class> <!-- com.crm.qa.testcases.ContactsPageTest -->
    </test> <!-- Free CRM App Test Cases -->
  </suite> <!-- FREE CRM Application Test Automation Test Suite -->
</testng-results>
