<?xml version="1.0" encoding="UTF-8"?>
<testng-results ignored="1" total="13" passed="12" failed="0" skipped="0">
  <reporter-output>
  </reporter-output>
  <suite started-at="2021-03-29T11:05:46 CAT" name="FREE CRM Application Test Automation Test Suite" finished-at="2021-03-29T11:09:47 CAT" duration-ms="241262">
    <groups>
    </groups>
    <test started-at="2021-03-29T11:05:46 CAT" name="Free CRM App Test Cases" finished-at="2021-03-29T11:09:47 CAT" duration-ms="241262">
      <class name="com.crm.qa.testcases.HomePageTest">
        <test-method is-config="true" signature="setUp()[pri:0, instance:com.crm.qa.testcases.HomePageTest@614ca7df]" started-at="2021-03-29T11:06:26 CAT" name="setUp" finished-at="2021-03-29T11:06:47 CAT" duration-ms="20478" status="PASS">
          <reporter-output>
          </reporter-output>
        </test-method> <!-- setUp -->
        <test-method signature="verifyHomePageTitleTest()[pri:1, instance:com.crm.qa.testcases.HomePageTest@614ca7df]" started-at="2021-03-29T11:06:47 CAT" name="verifyHomePageTitleTest" finished-at="2021-03-29T11:06:47 CAT" duration-ms="19" status="PASS">
          <reporter-output>
          </reporter-output>
        </test-method> <!-- verifyHomePageTitleTest -->
        <test-method is-config="true" signature="tearDown()[pri:0, instance:com.crm.qa.testcases.HomePageTest@614ca7df]" started-at="2021-03-29T11:06:47 CAT" name="tearDown" finished-at="2021-03-29T11:06:48 CAT" duration-ms="738" status="PASS">
          <reporter-output>
          </reporter-output>
        </test-method> <!-- tearDown -->
        <test-method is-config="true" signature="setUp()[pri:0, instance:com.crm.qa.testcases.HomePageTest@614ca7df]" started-at="2021-03-29T11:06:48 CAT" name="setUp" finished-at="2021-03-29T11:07:03 CAT" duration-ms="15354" status="PASS">
          <reporter-output>
          </reporter-output>
        </test-method> <!-- setUp -->
        <test-method signature="verifyUserNameLabelTest()[pri:2, instance:com.crm.qa.testcases.HomePageTest@614ca7df]" started-at="2021-03-29T11:07:03 CAT" name="verifyUserNameLabelTest" finished-at="2021-03-29T11:07:03 CAT" duration-ms="102" status="PASS">
          <reporter-output>
          </reporter-output>
        </test-method> <!-- verifyUserNameLabelTest -->
        <test-method is-config="true" signature="tearDown()[pri:0, instance:com.crm.qa.testcases.HomePageTest@614ca7df]" started-at="2021-03-29T11:07:03 CAT" name="tearDown" finished-at="2021-03-29T11:07:04 CAT" duration-ms="721" status="PASS">
          <reporter-output>
          </reporter-output>
        </test-method> <!-- tearDown -->
        <test-method is-config="true" signature="setUp()[pri:0, instance:com.crm.qa.testcases.HomePageTest@614ca7df]" started-at="2021-03-29T11:07:04 CAT" name="setUp" finished-at="2021-03-29T11:07:21 CAT" duration-ms="17125" status="PASS">
          <reporter-output>
          </reporter-output>
        </test-method> <!-- setUp -->
        <test-method signature="verifyCompaniesPagelinkTest()[pri:3, instance:com.crm.qa.testcases.HomePageTest@614ca7df]" started-at="2021-03-29T11:07:21 CAT" name="verifyCompaniesPagelinkTest" finished-at="2021-03-29T11:07:23 CAT" duration-ms="2067" status="PASS">
          <reporter-output>
          </reporter-output>
        </test-method> <!-- verifyCompaniesPagelinkTest -->
        <test-method is-config="true" signature="tearDown()[pri:0, instance:com.crm.qa.testcases.HomePageTest@614ca7df]" started-at="2021-03-29T11:07:23 CAT" name="tearDown" finished-at="2021-03-29T11:07:24 CAT" duration-ms="678" status="PASS">
          <reporter-output>
          </reporter-output>
        </test-method> <!-- tearDown -->
        <test-method is-config="true" signature="setUp()[pri:0, instance:com.crm.qa.testcases.HomePageTest@614ca7df]" started-at="2021-03-29T11:07:24 CAT" name="setUp" finished-at="2021-03-29T11:07:41 CAT" duration-ms="17369" status="PASS">
          <reporter-output>
          </reporter-output>
        </test-method> <!-- setUp -->
        <test-method signature="verifyContactsPagelinkTest()[pri:4, instance:com.crm.qa.testcases.HomePageTest@614ca7df]" started-at="2021-03-29T11:07:41 CAT" name="verifyContactsPagelinkTest" finished-at="2021-03-29T11:07:43 CAT" duration-ms="1723" status="PASS">
          <reporter-output>
          </reporter-output>
        </test-method> <!-- verifyContactsPagelinkTest -->
        <test-method is-config="true" signature="tearDown()[pri:0, instance:com.crm.qa.testcases.HomePageTest@614ca7df]" started-at="2021-03-29T11:07:43 CAT" name="tearDown" finished-at="2021-03-29T11:07:43 CAT" duration-ms="800" status="PASS">
          <reporter-output>
          </reporter-output>
        </test-method> <!-- tearDown -->
        <test-method is-config="true" signature="setUp()[pri:0, instance:com.crm.qa.testcases.HomePageTest@614ca7df]" started-at="2021-03-29T11:07:43 CAT" name="setUp" finished-at="2021-03-29T11:08:09 CAT" duration-ms="25602" status="PASS">
          <reporter-output>
          </reporter-output>
        </test-method> <!-- setUp -->
        <test-method signature="verifyDealsPageLinkTest()[pri:5, instance:com.crm.qa.testcases.HomePageTest@614ca7df]" started-at="2021-03-29T11:08:09 CAT" name="verifyDealsPageLinkTest" finished-at="2021-03-29T11:08:14 CAT" duration-ms="4527" status="PASS">
          <reporter-output>
          </reporter-output>
        </test-method> <!-- verifyDealsPageLinkTest -->
        <test-method is-config="true" signature="tearDown()[pri:0, instance:com.crm.qa.testcases.HomePageTest@614ca7df]" started-at="2021-03-29T11:08:14 CAT" name="tearDown" finished-at="2021-03-29T11:08:14 CAT" duration-ms="764" status="PASS">
          <reporter-output>
          </reporter-output>
        </test-method> <!-- tearDown -->
        <test-method is-config="true" signature="setUp()[pri:0, instance:com.crm.qa.testcases.HomePageTest@614ca7df]" started-at="2021-03-29T11:08:14 CAT" name="setUp" finished-at="2021-03-29T11:08:33 CAT" duration-ms="18976" status="PASS">
          <reporter-output>
          </reporter-output>
        </test-method> <!-- setUp -->
        <test-method signature="verifyTasksPageLinkTest()[pri:6, instance:com.crm.qa.testcases.HomePageTest@614ca7df]" started-at="2021-03-29T11:08:33 CAT" name="verifyTasksPageLinkTest" finished-at="2021-03-29T11:08:35 CAT" duration-ms="1736" status="PASS">
          <reporter-output>
          </reporter-output>
        </test-method> <!-- verifyTasksPageLinkTest -->
        <test-method is-config="true" signature="tearDown()[pri:0, instance:com.crm.qa.testcases.HomePageTest@614ca7df]" started-at="2021-03-29T11:08:35 CAT" name="tearDown" finished-at="2021-03-29T11:08:36 CAT" duration-ms="738" status="PASS">
          <reporter-output>
          </reporter-output>
        </test-method> <!-- tearDown -->
      </class> <!-- com.crm.qa.testcases.HomePageTest -->
      <class name="com.crm.qa.testcases.ContactsPageTest">
        <test-method is-config="true" signature="setUp()[pri:0, instance:com.crm.qa.testcases.ContactsPageTest@66d3eec0]" started-at="2021-03-29T11:08:56 CAT" name="setUp" finished-at="2021-03-29T11:09:21 CAT" duration-ms="25041" status="PASS">
          <reporter-output>
          </reporter-output>
        </test-method> <!-- setUp -->
        <test-method signature="verifyContactsPageLableTest()[pri:1, instance:com.crm.qa.testcases.ContactsPageTest@66d3eec0]" started-at="2021-03-29T11:09:21 CAT" name="verifyContactsPageLableTest" finished-at="2021-03-29T11:09:21 CAT" duration-ms="63" status="PASS">
          <reporter-output>
          </reporter-output>
        </test-method> <!-- verifyContactsPageLableTest -->
        <test-method is-config="true" signature="tearDown()[pri:0, instance:com.crm.qa.testcases.ContactsPageTest@66d3eec0]" started-at="2021-03-29T11:09:21 CAT" name="tearDown" finished-at="2021-03-29T11:09:22 CAT" duration-ms="666" status="PASS">
          <reporter-output>
          </reporter-output>
        </test-method> <!-- tearDown -->
        <test-method is-config="true" signature="setUp()[pri:0, instance:com.crm.qa.testcases.ContactsPageTest@66d3eec0]" started-at="2021-03-29T11:09:22 CAT" name="setUp" finished-at="2021-03-29T11:09:46 CAT" duration-ms="23997" status="PASS">
          <reporter-output>
          </reporter-output>
        </test-method> <!-- setUp -->
        <test-method signature="selectContactsTest()[pri:2, instance:com.crm.qa.testcases.ContactsPageTest@66d3eec0]" started-at="2021-03-29T11:09:46 CAT" name="selectContactsTest" finished-at="2021-03-29T11:09:46 CAT" duration-ms="592" status="PASS">
          <reporter-output>
          </reporter-output>
        </test-method> <!-- selectContactsTest -->
        <test-method is-config="true" signature="tearDown()[pri:0, instance:com.crm.qa.testcases.ContactsPageTest@66d3eec0]" started-at="2021-03-29T11:09:46 CAT" name="tearDown" finished-at="2021-03-29T11:09:47 CAT" duration-ms="723" status="PASS">
          <reporter-output>
          </reporter-output>
        </test-method> <!-- tearDown -->
      </class> <!-- com.crm.qa.testcases.ContactsPageTest -->
      <class name="com.crm.qa.testcases.LoginPageTest">
        <test-method is-config="true" signature="setUp()[pri:0, instance:com.crm.qa.testcases.LoginPageTest@24fcf36f]" started-at="2021-03-29T11:05:46 CAT" name="setUp" finished-at="2021-03-29T11:05:55 CAT" duration-ms="9029" status="PASS">
          <reporter-output>
          </reporter-output>
        </test-method> <!-- setUp -->
        <test-method signature="loginTest()[pri:1, instance:com.crm.qa.testcases.LoginPageTest@24fcf36f]" started-at="2021-03-29T11:05:55 CAT" name="loginTest" finished-at="2021-03-29T11:06:06 CAT" duration-ms="10742" status="PASS">
          <reporter-output>
          </reporter-output>
        </test-method> <!-- loginTest -->
        <test-method is-config="true" signature="tearDown()[pri:0, instance:com.crm.qa.testcases.LoginPageTest@24fcf36f]" started-at="2021-03-29T11:06:06 CAT" name="tearDown" finished-at="2021-03-29T11:06:06 CAT" duration-ms="753" status="PASS">
          <reporter-output>
          </reporter-output>
        </test-method> <!-- tearDown -->
        <test-method is-config="true" signature="setUp()[pri:0, instance:com.crm.qa.testcases.LoginPageTest@24fcf36f]" started-at="2021-03-29T11:06:06 CAT" name="setUp" finished-at="2021-03-29T11:06:16 CAT" duration-ms="9104" status="PASS">
          <reporter-output>
          </reporter-output>
        </test-method> <!-- setUp -->
        <test-method signature="logoTest()[pri:2, instance:com.crm.qa.testcases.LoginPageTest@24fcf36f]" started-at="2021-03-29T11:06:16 CAT" name="logoTest" finished-at="2021-03-29T11:06:16 CAT" duration-ms="170" status="PASS">
          <reporter-output>
          </reporter-output>
        </test-method> <!-- logoTest -->
        <test-method is-config="true" signature="tearDown()[pri:0, instance:com.crm.qa.testcases.LoginPageTest@24fcf36f]" started-at="2021-03-29T11:06:16 CAT" name="tearDown" finished-at="2021-03-29T11:06:16 CAT" duration-ms="634" status="PASS">
          <reporter-output>
          </reporter-output>
        </test-method> <!-- tearDown -->
        <test-method is-config="true" signature="setUp()[pri:0, instance:com.crm.qa.testcases.LoginPageTest@24fcf36f]" started-at="2021-03-29T11:06:16 CAT" name="setUp" finished-at="2021-03-29T11:06:26 CAT" duration-ms="9312" status="PASS">
          <reporter-output>
          </reporter-output>
        </test-method> <!-- setUp -->
        <test-method signature="loginPageTitleTest()[pri:3, instance:com.crm.qa.testcases.LoginPageTest@24fcf36f]" started-at="2021-03-29T11:06:26 CAT" name="loginPageTitleTest" finished-at="2021-03-29T11:06:26 CAT" duration-ms="12" status="PASS">
          <reporter-output>
          </reporter-output>
        </test-method> <!-- loginPageTitleTest -->
        <test-method is-config="true" signature="tearDown()[pri:0, instance:com.crm.qa.testcases.LoginPageTest@24fcf36f]" started-at="2021-03-29T11:06:26 CAT" name="tearDown" finished-at="2021-03-29T11:06:26 CAT" duration-ms="663" status="PASS">
          <reporter-output>
          </reporter-output>
        </test-method> <!-- tearDown -->
      </class> <!-- com.crm.qa.testcases.LoginPageTest -->
      <class name="com.crm.qa.testcases.CompaniesPageTest">
        <test-method is-config="true" signature="setUp()[pri:0, instance:com.crm.qa.testcases.CompaniesPageTest@4738a206]" started-at="2021-03-29T11:08:36 CAT" name="setUp" finished-at="2021-03-29T11:08:55 CAT" duration-ms="19281" status="PASS">
          <reporter-output>
          </reporter-output>
        </test-method> <!-- setUp -->
        <test-method signature="verifyComapaniespageLabelTest()[pri:0, instance:com.crm.qa.testcases.CompaniesPageTest@4738a206]" started-at="2021-03-29T11:08:55 CAT" name="verifyComapaniespageLabelTest" finished-at="2021-03-29T11:08:55 CAT" duration-ms="112" status="PASS">
          <reporter-output>
          </reporter-output>
        </test-method> <!-- verifyComapaniespageLabelTest -->
        <test-method is-config="true" signature="tearDown()[pri:0, instance:com.crm.qa.testcases.CompaniesPageTest@4738a206]" started-at="2021-03-29T11:08:55 CAT" name="tearDown" finished-at="2021-03-29T11:08:56 CAT" duration-ms="754" status="PASS">
          <reporter-output>
          </reporter-output>
        </test-method> <!-- tearDown -->
      </class> <!-- com.crm.qa.testcases.CompaniesPageTest -->
    </test> <!-- Free CRM App Test Cases -->
  </suite> <!-- FREE CRM Application Test Automation Test Suite -->
</testng-results>
